# JRE version: OpenJDK Runtime Environment AdoptOpenJDK-16.0.1+9 (16.0.1+9) (build 16.0.1+9)
# Java VM: OpenJDK Client VM AdoptOpenJDK-16.0.1+9 (16.0.1+9, mixed mode, serial gc, windows-x86)
GC Precious Log:
 CPUs: 12 total, 12 available
 Memory: 16320M
 Large Page Support: Disabled
 NUMA Support: Disabled
 Compressed Oops: Disabled
 Heap Min Capacity: 100M
 Heap Initial Capacity: 100M
 Heap Max Capacity: 1024M
 Pre-touch: Disabled
Heap:
 def new generation   total 48896K, used 45702K [0x05200000, 0x08700000, 0x1a750000)
  eden space 43520K, 100% used [0x05200000, 0x07c80000, 0x07c80000)
  from space 5376K,  40% used [0x081c0000, 0x083e1838, 0x08700000)
  to   space 5376K,  21% used [0x07c80000, 0x07da6150, 0x081c0000)
 tenured generation   total 108424K, used 79693K [0x1a750000, 0x21132000, 0x45200000)
   the space 108424K,  73% used [0x1a750000, 0x1f523690, 0x1f523800, 0x21132000)
 Metaspace       used 77266K, committed 77632K, reserved 81920K
GC Heap History (20 events):
Event: 4899.524 GC heap after
{Heap after GC invocations=266 (full 6):
 def new generation   total 48896K, used 2169K [0x05200000, 0x08700000, 0x1a750000)
  eden space 43520K,   0% used [0x05200000, 0x05200000, 0x07c80000)
  from space 5376K,  40% used [0x07c80000, 0x07e9e510, 0x081c0000)
  to   space 5376K,   0% used [0x081c0000, 0x081c0000, 0x08700000)
 tenured generation   total 108424K, used 79465K [0x1a750000, 0x21132000, 0x45200000)
   the space 108424K,  73% used [0x1a750000, 0x1f4ea5b8, 0x1f4ea600, 0x21132000)
 Metaspace       used 77264K, committed 77632K, reserved 81920K
}
Event: 5084.138 GC heap before
{Heap before GC invocations=266 (full 6):
 def new generation   total 48896K, used 45689K [0x05200000, 0x08700000, 0x1a750000)
  eden space 43520K, 100% used [0x05200000, 0x07c80000, 0x07c80000)
  from space 5376K,  40% used [0x07c80000, 0x07e9e510, 0x081c0000)
  to   space 5376K,   0% used [0x081c0000, 0x081c0000, 0x08700000)
 tenured generation   total 108424K, used 79465K [0x1a750000, 0x21132000, 0x45200000)
   the space 108424K,  73% used [0x1a750000, 0x1f4ea5b8, 0x1f4ea600, 0x21132000)
 Metaspace       used 77266K, committed 77632K, reserved 81920K
}
Event: 5084.142 GC heap after
{Heap after GC invocations=267 (full 6):
 def new generation   total 48896K, used 2330K [0x05200000, 0x08700000, 0x1a750000)
  eden space 43520K,   0% used [0x05200000, 0x05200000, 0x07c80000)
  from space 5376K,  43% used [0x081c0000, 0x084069f0, 0x08700000)
  to   space 5376K,   0% used [0x07c80000, 0x07c80000, 0x081c0000)
 tenured generation   total 108424K, used 79465K [0x1a750000, 0x21132000, 0x45200000)
   the space 108424K,  73% used [0x1a750000, 0x1f4ea5b8, 0x1f4ea600, 0x21132000)
 Metaspace       used 77266K, committed 77632K, reserved 81920K
}
Event: 5105.497 GC heap before
{Heap before GC invocations=267 (full 6):
 def new generation   total 48896K, used 45850K [0x05200000, 0x08700000, 0x1a750000)
  eden space 43520K, 100% used [0x05200000, 0x07c80000, 0x07c80000)
  from space 5376K,  43% used [0x081c0000, 0x084069f0, 0x08700000)
  to   space 5376K,   0% used [0x07c80000, 0x07c80000, 0x081c0000)
 tenured generation   total 108424K, used 79465K [0x1a750000, 0x21132000, 0x45200000)
   the space 108424K,  73% used [0x1a750000, 0x1f4ea5b8, 0x1f4ea600, 0x21132000)
 Metaspace       used 77266K, committed 77632K, reserved 81920K
}
Event: 5105.500 GC heap after
{Heap after GC invocations=268 (full 6):
 def new generation   total 48896K, used 2325K [0x05200000, 0x08700000, 0x1a750000)
  eden space 43520K,   0% used [0x05200000, 0x05200000, 0x07c80000)
  from space 5376K,  43% used [0x07c80000, 0x07ec54d8, 0x081c0000)
  to   space 5376K,   0% used [0x081c0000, 0x081c0000, 0x08700000)
 tenured generation   total 108424K, used 79470K [0x1a750000, 0x21132000, 0x45200000)
   the space 108424K,  73% used [0x1a750000, 0x1f4eb9f8, 0x1f4eba00, 0x21132000)
 Metaspace       used 77266K, committed 77632K, reserved 81920K
}
Event: 5128.042 GC heap before
{Heap before GC invocations=268 (full 6):
 def new generation   total 48896K, used 45845K [0x05200000, 0x08700000, 0x1a750000)
  eden space 43520K, 100% used [0x05200000, 0x07c80000, 0x07c80000)
  from space 5376K,  43% used [0x07c80000, 0x07ec54d8, 0x081c0000)
  to   space 5376K,   0% used [0x081c0000, 0x081c0000, 0x08700000)
 tenured generation   total 108424K, used 79470K [0x1a750000, 0x21132000, 0x45200000)
   the space 108424K,  73% used [0x1a750000, 0x1f4eb9f8, 0x1f4eba00, 0x21132000)
 Metaspace       used 77266K, committed 77632K, reserved 81920K
}
Event: 5128.046 GC heap after
{Heap after GC invocations=269 (full 6):
 def new generation   total 48896K, used 2330K [0x05200000, 0x08700000, 0x1a750000)
  eden space 43520K,   0% used [0x05200000, 0x05200000, 0x07c80000)
  from space 5376K,  43% used [0x081c0000, 0x08406b28, 0x08700000)
  to   space 5376K,   0% used [0x07c80000, 0x07c80000, 0x081c0000)
 tenured generation   total 108424K, used 79470K [0x1a750000, 0x21132000, 0x45200000)
   the space 108424K,  73% used [0x1a750000, 0x1f4eb9f8, 0x1f4eba00, 0x21132000)
 Metaspace       used 77266K, committed 77632K, reserved 81920K
}
Event: 5151.712 GC heap before
{Heap before GC invocations=269 (full 6):
 def new generation   total 48896K, used 45850K [0x05200000, 0x08700000, 0x1a750000)
  eden space 43520K, 100% used [0x05200000, 0x07c80000, 0x07c80000)
  from space 5376K,  43% used [0x081c0000, 0x08406b28, 0x08700000)
  to   space 5376K,   0% used [0x07c80000, 0x07c80000, 0x081c0000)
 tenured generation   total 108424K, used 79470K [0x1a750000, 0x21132000, 0x45200000)
   the space 108424K,  73% used [0x1a750000, 0x1f4eb9f8, 0x1f4eba00, 0x21132000)
 Metaspace       used 77266K, committed 77632K, reserved 81920K
}
Event: 5151.716 GC heap after
{Heap after GC invocations=270 (full 6):
 def new generation   total 48896K, used 2185K [0x05200000, 0x08700000, 0x1a750000)
  eden space 43520K,   0% used [0x05200000, 0x05200000, 0x07c80000)
  from space 5376K,  40% used [0x07c80000, 0x07ea2780, 0x081c0000)
  to   space 5376K,   0% used [0x081c0000, 0x081c0000, 0x08700000)
 tenured generation   total 108424K, used 79481K [0x1a750000, 0x21132000, 0x45200000)
   the space 108424K,  73% used [0x1a750000, 0x1f4ee608, 0x1f4ee800, 0x21132000)
 Metaspace       used 77266K, committed 77632K, reserved 81920K
}
Event: 5173.803 GC heap before
{Heap before GC invocations=270 (full 6):
 def new generation   total 48896K, used 45705K [0x05200000, 0x08700000, 0x1a750000)
  eden space 43520K, 100% used [0x05200000, 0x07c80000, 0x07c80000)
  from space 5376K,  40% used [0x07c80000, 0x07ea2780, 0x081c0000)
  to   space 5376K,   0% used [0x081c0000, 0x081c0000, 0x08700000)
 tenured generation   total 108424K, used 79481K [0x1a750000, 0x21132000, 0x45200000)
   the space 108424K,  73% used [0x1a750000, 0x1f4ee608, 0x1f4ee800, 0x21132000)
 Metaspace       used 77266K, committed 77632K, reserved 81920K
}
Event: 5173.807 GC heap after
{Heap after GC invocations=271 (full 6):
 def new generation   total 48896K, used 2161K [0x05200000, 0x08700000, 0x1a750000)
  eden space 43520K,   0% used [0x05200000, 0x05200000, 0x07c80000)
  from space 5376K,  40% used [0x081c0000, 0x083dc7b0, 0x08700000)
  to   space 5376K,   0% used [0x07c80000, 0x07c80000, 0x081c0000)
 tenured generation   total 108424K, used 79636K [0x1a750000, 0x21132000, 0x45200000)
   the space 108424K,  73% used [0x1a750000, 0x1f5151a0, 0x1f515200, 0x21132000)
 Metaspace       used 77266K, committed 77632K, reserved 81920K
}
Event: 5187.087 GC heap before
{Heap before GC invocations=271 (full 6):
 def new generation   total 48896K, used 45681K [0x05200000, 0x08700000, 0x1a750000)
  eden space 43520K, 100% used [0x05200000, 0x07c80000, 0x07c80000)
  from space 5376K,  40% used [0x081c0000, 0x083dc7b0, 0x08700000)
  to   space 5376K,   0% used [0x07c80000, 0x07c80000, 0x081c0000)
 tenured generation   total 108424K, used 79636K [0x1a750000, 0x21132000, 0x45200000)
   the space 108424K,  73% used [0x1a750000, 0x1f5151a0, 0x1f515200, 0x21132000)
 Metaspace       used 77266K, committed 77632K, reserved 81920K
}
Event: 5187.091 GC heap after
{Heap after GC invocations=272 (full 6):
 def new generation   total 48896K, used 2133K [0x05200000, 0x08700000, 0x1a750000)
  eden space 43520K,   0% used [0x05200000, 0x05200000, 0x07c80000)
  from space 5376K,  39% used [0x07c80000, 0x07e955b0, 0x081c0000)
  to   space 5376K,   0% used [0x081c0000, 0x081c0000, 0x08700000)
 tenured generation   total 108424K, used 79636K [0x1a750000, 0x21132000, 0x45200000)
   the space 108424K,  73% used [0x1a750000, 0x1f515268, 0x1f515400, 0x21132000)
 Metaspace       used 77266K, committed 77632K, reserved 81920K
}
Event: 5208.698 GC heap before
{Heap before GC invocations=272 (full 6):
 def new generation   total 48896K, used 45653K [0x05200000, 0x08700000, 0x1a750000)
  eden space 43520K, 100% used [0x05200000, 0x07c80000, 0x07c80000)
  from space 5376K,  39% used [0x07c80000, 0x07e955b0, 0x081c0000)
  to   space 5376K,   0% used [0x081c0000, 0x081c0000, 0x08700000)
 tenured generation   total 108424K, used 79636K [0x1a750000, 0x21132000, 0x45200000)
   the space 108424K,  73% used [0x1a750000, 0x1f515268, 0x1f515400, 0x21132000)
 Metaspace       used 77266K, committed 77632K, reserved 81920K
}
Event: 5208.701 GC heap after
{Heap after GC invocations=273 (full 6):
 def new generation   total 48896K, used 2205K [0x05200000, 0x08700000, 0x1a750000)
  eden space 43520K,   0% used [0x05200000, 0x05200000, 0x07c80000)
  from space 5376K,  41% used [0x081c0000, 0x083e7510, 0x08700000)
  to   space 5376K,   0% used [0x07c80000, 0x07c80000, 0x081c0000)
 tenured generation   total 108424K, used 79636K [0x1a750000, 0x21132000, 0x45200000)
   the space 108424K,  73% used [0x1a750000, 0x1f5152b8, 0x1f515400, 0x21132000)
 Metaspace       used 77266K, committed 77632K, reserved 81920K
}
Event: 5262.145 GC heap before
{Heap before GC invocations=273 (full 6):
 def new generation   total 48896K, used 45725K [0x05200000, 0x08700000, 0x1a750000)
  eden space 43520K, 100% used [0x05200000, 0x07c80000, 0x07c80000)
  from space 5376K,  41% used [0x081c0000, 0x083e7510, 0x08700000)
  to   space 5376K,   0% used [0x07c80000, 0x07c80000, 0x081c0000)
 tenured generation   total 108424K, used 79636K [0x1a750000, 0x21132000, 0x45200000)
   the space 108424K,  73% used [0x1a750000, 0x1f5152b8, 0x1f515400, 0x21132000)
 Metaspace       used 77266K, committed 77632K, reserved 81920K
}
Event: 5262.149 GC heap after
{Heap after GC invocations=274 (full 6):
 def new generation   total 48896K, used 2239K [0x05200000, 0x08700000, 0x1a750000)
  eden space 43520K,   0% used [0x05200000, 0x05200000, 0x07c80000)
  from space 5376K,  41% used [0x07c80000, 0x07eafc18, 0x081c0000)
  to   space 5376K,   0% used [0x081c0000, 0x081c0000, 0x08700000)
 tenured generation   total 108424K, used 79650K [0x1a750000, 0x21132000, 0x45200000)
   the space 108424K,  73% used [0x1a750000, 0x1f518b70, 0x1f518c00, 0x21132000)
 Metaspace       used 77266K, committed 77632K, reserved 81920K
}
Event: 5275.954 GC heap before
{Heap before GC invocations=274 (full 6):
 def new generation   total 48896K, used 45759K [0x05200000, 0x08700000, 0x1a750000)
  eden space 43520K, 100% used [0x05200000, 0x07c80000, 0x07c80000)
  from space 5376K,  41% used [0x07c80000, 0x07eafc18, 0x081c0000)
  to   space 5376K,   0% used [0x081c0000, 0x081c0000, 0x08700000)
 tenured generation   total 108424K, used 79650K [0x1a750000, 0x21132000, 0x45200000)
   the space 108424K,  73% used [0x1a750000, 0x1f518b70, 0x1f518c00, 0x21132000)
 Metaspace       used 77266K, committed 77632K, reserved 81920K
}
Event: 5275.958 GC heap after
{Heap after GC invocations=275 (full 6):
 def new generation   total 48896K, used 2182K [0x05200000, 0x08700000, 0x1a750000)
  eden space 43520K,   0% used [0x05200000, 0x05200000, 0x07c80000)
  from space 5376K,  40% used [0x081c0000, 0x083e1838, 0x08700000)
  to   space 5376K,   0% used [0x07c80000, 0x07c80000, 0x081c0000)
 tenured generation   total 108424K, used 79693K [0x1a750000, 0x21132000, 0x45200000)
   the space 108424K,  73% used [0x1a750000, 0x1f523690, 0x1f523800, 0x21132000)
 Metaspace       used 77266K, committed 77632K, reserved 81920K
}
Event: 5294.132 GC heap before
{Heap before GC invocations=275 (full 6):
 def new generation   total 48896K, used 45702K [0x05200000, 0x08700000, 0x1a750000)
  eden space 43520K, 100% used [0x05200000, 0x07c80000, 0x07c80000)
  from space 5376K,  40% used [0x081c0000, 0x083e1838, 0x08700000)
  to   space 5376K,   0% used [0x07c80000, 0x07c80000, 0x081c0000)
 tenured generation   total 108424K, used 79693K [0x1a750000, 0x21132000, 0x45200000)
   the space 108424K,  73% used [0x1a750000, 0x1f523690, 0x1f523800, 0x21132000)
 Metaspace       used 77266K, committed 77632K, reserved 81920K
}

