# JRE version: OpenJDK Runtime Environment AdoptOpenJDK-16.0.1+9 (16.0.1+9) (build 16.0.1+9)
# Java VM: OpenJDK Client VM AdoptOpenJDK-16.0.1+9 (16.0.1+9, mixed mode, serial gc, windows-x86)
GC Precious Log:
 CPUs: 12 total, 12 available
 Memory: 16320M
 Large Page Support: Disabled
 NUMA Support: Disabled
 Compressed Oops: Disabled
 Heap Min Capacity: 1024M
 Heap Initial Capacity: 1024M
 Heap Max Capacity: 1024M
 Pre-touch: Disabled
Heap:
 def new generation   total 314560K, used 155790K [0x0b200000, 0x20750000, 0x20750000)
  eden space 279616K,  54% used [0x0b200000, 0x147fbd08, 0x1c310000)
  from space 34944K,   6% used [0x1c310000, 0x1c537c10, 0x1e530000)
  to   space 34944K,   0% used [0x1e530000, 0x1e530000, 0x20750000)
 tenured generation   total 699072K, used 87332K [0x20750000, 0x4b200000, 0x4b200000)
   the space 699072K,  12% used [0x20750000, 0x25c99398, 0x25c99400, 0x4b200000)
 Metaspace       used 140807K, committed 141376K, reserved 147456K
GC Heap History (20 events):
Event: 37.989 GC heap after
{Heap after GC invocations=10 (full 5):
 def new generation   total 314560K, used 0K [0x0b200000, 0x20750000, 0x20750000)
  eden space 279616K,   0% used [0x0b200000, 0x0b200000, 0x1c310000)
  from space 34944K,   0% used [0x1e530000, 0x1e530000, 0x20750000)
  to   space 34944K,   0% used [0x1c310000, 0x1c310000, 0x1e530000)
 tenured generation   total 699072K, used 122207K [0x20750000, 0x4b200000, 0x4b200000)
   the space 699072K,  17% used [0x20750000, 0x27ea7e40, 0x27ea8000, 0x4b200000)
 Metaspace       used 90944K, committed 91840K, reserved 98304K
}
Event: 40.792 GC heap before
{Heap before GC invocations=10 (full 5):
 def new generation   total 314560K, used 279616K [0x0b200000, 0x20750000, 0x20750000)
  eden space 279616K, 100% used [0x0b200000, 0x1c310000, 0x1c310000)
  from space 34944K,   0% used [0x1e530000, 0x1e530000, 0x20750000)
  to   space 34944K,   0% used [0x1c310000, 0x1c310000, 0x1e530000)
 tenured generation   total 699072K, used 122207K [0x20750000, 0x4b200000, 0x4b200000)
   the space 699072K,  17% used [0x20750000, 0x27ea7e40, 0x27ea8000, 0x4b200000)
 Metaspace       used 114475K, committed 115008K, reserved 122880K
}
Event: 40.819 GC heap after
{Heap after GC invocations=11 (full 5):
 def new generation   total 314560K, used 9761K [0x0b200000, 0x20750000, 0x20750000)
  eden space 279616K,   0% used [0x0b200000, 0x0b200000, 0x1c310000)
  from space 34944K,  27% used [0x1c310000, 0x1cc984e8, 0x1e530000)
  to   space 34944K,   0% used [0x1e530000, 0x1e530000, 0x20750000)
 tenured generation   total 699072K, used 122207K [0x20750000, 0x4b200000, 0x4b200000)
   the space 699072K,  17% used [0x20750000, 0x27ea7e40, 0x27ea8000, 0x4b200000)
 Metaspace       used 114475K, committed 115008K, reserved 122880K
}
Event: 589.365 GC heap before
{Heap before GC invocations=11 (full 5):
 def new generation   total 314560K, used 289377K [0x0b200000, 0x20750000, 0x20750000)
  eden space 279616K, 100% used [0x0b200000, 0x1c310000, 0x1c310000)
  from space 34944K,  27% used [0x1c310000, 0x1cc984e8, 0x1e530000)
  to   space 34944K,   0% used [0x1e530000, 0x1e530000, 0x20750000)
 tenured generation   total 699072K, used 122207K [0x20750000, 0x4b200000, 0x4b200000)
   the space 699072K,  17% used [0x20750000, 0x27ea7e40, 0x27ea8000, 0x4b200000)
 Metaspace       used 123103K, committed 123648K, reserved 131072K
}
Event: 589.389 GC heap after
{Heap after GC invocations=12 (full 5):
 def new generation   total 314560K, used 13860K [0x0b200000, 0x20750000, 0x20750000)
  eden space 279616K,   0% used [0x0b200000, 0x0b200000, 0x1c310000)
  from space 34944K,  39% used [0x1e530000, 0x1f2b92a8, 0x20750000)
  to   space 34944K,   0% used [0x1c310000, 0x1c310000, 0x1e530000)
 tenured generation   total 699072K, used 122207K [0x20750000, 0x4b200000, 0x4b200000)
   the space 699072K,  17% used [0x20750000, 0x27ea7e40, 0x27ea8000, 0x4b200000)
 Metaspace       used 123103K, committed 123648K, reserved 131072K
}
Event: 713.167 GC heap before
{Heap before GC invocations=12 (full 5):
 def new generation   total 314560K, used 267610K [0x0b200000, 0x20750000, 0x20750000)
  eden space 279616K,  90% used [0x0b200000, 0x1a9cd730, 0x1c310000)
  from space 34944K,  39% used [0x1e530000, 0x1f2b92a8, 0x20750000)
  to   space 34944K,   0% used [0x1c310000, 0x1c310000, 0x1e530000)
 tenured generation   total 699072K, used 122207K [0x20750000, 0x4b200000, 0x4b200000)
   the space 699072K,  17% used [0x20750000, 0x27ea7e40, 0x27ea8000, 0x4b200000)
 Metaspace       used 132558K, committed 133120K, reserved 139264K
}
Event: 713.375 GC heap after
{Heap after GC invocations=13 (full 6):
 def new generation   total 314560K, used 0K [0x0b200000, 0x20750000, 0x20750000)
  eden space 279616K,   0% used [0x0b200000, 0x0b200000, 0x1c310000)
  from space 34944K,   0% used [0x1e530000, 0x1e530000, 0x20750000)
  to   space 34944K,   0% used [0x1c310000, 0x1c310000, 0x1e530000)
 tenured generation   total 699072K, used 108975K [0x20750000, 0x4b200000, 0x4b200000)
   the space 699072K,  15% used [0x20750000, 0x271bbe30, 0x271bc000, 0x4b200000)
 Metaspace       used 124340K, committed 125248K, reserved 139264K
}
Event: 713.394 GC heap before
{Heap before GC invocations=13 (full 6):
 def new generation   total 314560K, used 4926K [0x0b200000, 0x20750000, 0x20750000)
  eden space 279616K,   1% used [0x0b200000, 0x0b6cf9f0, 0x1c310000)
  from space 34944K,   0% used [0x1e530000, 0x1e530000, 0x20750000)
  to   space 34944K,   0% used [0x1c310000, 0x1c310000, 0x1e530000)
 tenured generation   total 699072K, used 108975K [0x20750000, 0x4b200000, 0x4b200000)
   the space 699072K,  15% used [0x20750000, 0x271bbe30, 0x271bc000, 0x4b200000)
 Metaspace       used 124342K, committed 125248K, reserved 139264K
}
Event: 713.521 GC heap after
{Heap after GC invocations=14 (full 7):
 def new generation   total 314560K, used 0K [0x0b200000, 0x20750000, 0x20750000)
  eden space 279616K,   0% used [0x0b200000, 0x0b200000, 0x1c310000)
  from space 34944K,   0% used [0x1e530000, 0x1e530000, 0x20750000)
  to   space 34944K,   0% used [0x1c310000, 0x1c310000, 0x1e530000)
 tenured generation   total 699072K, used 108224K [0x20750000, 0x4b200000, 0x4b200000)
   the space 699072K,  15% used [0x20750000, 0x271000f8, 0x27100200, 0x4b200000)
 Metaspace       used 124342K, committed 125248K, reserved 139264K
}
Event: 961.029 GC heap before
{Heap before GC invocations=14 (full 7):
 def new generation   total 314560K, used 279616K [0x0b200000, 0x20750000, 0x20750000)
  eden space 279616K, 100% used [0x0b200000, 0x1c310000, 0x1c310000)
  from space 34944K,   0% used [0x1e530000, 0x1e530000, 0x20750000)
  to   space 34944K,   0% used [0x1c310000, 0x1c310000, 0x1e530000)
 tenured generation   total 699072K, used 108224K [0x20750000, 0x4b200000, 0x4b200000)
   the space 699072K,  15% used [0x20750000, 0x271000f8, 0x27100200, 0x4b200000)
 Metaspace       used 134332K, committed 134912K, reserved 139264K
}
Event: 961.069 GC heap after
{Heap after GC invocations=15 (full 7):
 def new generation   total 314560K, used 18356K [0x0b200000, 0x20750000, 0x20750000)
  eden space 279616K,   0% used [0x0b200000, 0x0b200000, 0x1c310000)
  from space 34944K,  52% used [0x1c310000, 0x1d4fd318, 0x1e530000)
  to   space 34944K,   0% used [0x1e530000, 0x1e530000, 0x20750000)
 tenured generation   total 699072K, used 108224K [0x20750000, 0x4b200000, 0x4b200000)
   the space 699072K,  15% used [0x20750000, 0x271000f8, 0x27100200, 0x4b200000)
 Metaspace       used 134332K, committed 134912K, reserved 139264K
}
Event: 1463.817 GC heap before
{Heap before GC invocations=15 (full 7):
 def new generation   total 314560K, used 297972K [0x0b200000, 0x20750000, 0x20750000)
  eden space 279616K, 100% used [0x0b200000, 0x1c310000, 0x1c310000)
  from space 34944K,  52% used [0x1c310000, 0x1d4fd318, 0x1e530000)
  to   space 34944K,   0% used [0x1e530000, 0x1e530000, 0x20750000)
 tenured generation   total 699072K, used 108224K [0x20750000, 0x4b200000, 0x4b200000)
   the space 699072K,  15% used [0x20750000, 0x271000f8, 0x27100200, 0x4b200000)
 Metaspace       used 140436K, committed 140992K, reserved 147456K
}
Event: 1463.860 GC heap after
{Heap after GC invocations=16 (full 7):
 def new generation   total 314560K, used 16924K [0x0b200000, 0x20750000, 0x20750000)
  eden space 279616K,   0% used [0x0b200000, 0x0b200000, 0x1c310000)
  from space 34944K,  48% used [0x1e530000, 0x1f5b7180, 0x20750000)
  to   space 34944K,   0% used [0x1c310000, 0x1c310000, 0x1e530000)
 tenured generation   total 699072K, used 114411K [0x20750000, 0x4b200000, 0x4b200000)
   the space 699072K,  16% used [0x20750000, 0x2770af28, 0x2770b000, 0x4b200000)
 Metaspace       used 140436K, committed 140992K, reserved 147456K
}
Event: 1463.904 GC heap before
{Heap before GC invocations=16 (full 7):
 def new generation   total 314560K, used 25612K [0x0b200000, 0x20750000, 0x20750000)
  eden space 279616K,   3% used [0x0b200000, 0x0ba7bee0, 0x1c310000)
  from space 34944K,  48% used [0x1e530000, 0x1f5b7180, 0x20750000)
  to   space 34944K,   0% used [0x1c310000, 0x1c310000, 0x1e530000)
 tenured generation   total 699072K, used 114411K [0x20750000, 0x4b200000, 0x4b200000)
   the space 699072K,  16% used [0x20750000, 0x2770af28, 0x2770b000, 0x4b200000)
 Metaspace       used 140666K, committed 141248K, reserved 147456K
}
Event: 1464.126 GC heap after
{Heap after GC invocations=17 (full 8):
 def new generation   total 314560K, used 0K [0x0b200000, 0x20750000, 0x20750000)
  eden space 279616K,   0% used [0x0b200000, 0x0b200000, 0x1c310000)
  from space 34944K,   0% used [0x1e530000, 0x1e530000, 0x20750000)
  to   space 34944K,   0% used [0x1c310000, 0x1c310000, 0x1e530000)
 tenured generation   total 699072K, used 87331K [0x20750000, 0x4b200000, 0x4b200000)
   the space 699072K,  12% used [0x20750000, 0x25c98f20, 0x25c99000, 0x4b200000)
 Metaspace       used 119733K, committed 121216K, reserved 147456K
}
Event: 1464.139 GC heap before
{Heap before GC invocations=17 (full 8):
 def new generation   total 314560K, used 3305K [0x0b200000, 0x20750000, 0x20750000)
  eden space 279616K,   1% used [0x0b200000, 0x0b53a4b0, 0x1c310000)
  from space 34944K,   0% used [0x1e530000, 0x1e530000, 0x20750000)
  to   space 34944K,   0% used [0x1c310000, 0x1c310000, 0x1e530000)
 tenured generation   total 699072K, used 87331K [0x20750000, 0x4b200000, 0x4b200000)
   the space 699072K,  12% used [0x20750000, 0x25c98f20, 0x25c99000, 0x4b200000)
 Metaspace       used 119733K, committed 121216K, reserved 147456K
}
Event: 1464.280 GC heap after
{Heap after GC invocations=18 (full 9):
 def new generation   total 314560K, used 0K [0x0b200000, 0x20750000, 0x20750000)
  eden space 279616K,   0% used [0x0b200000, 0x0b200000, 0x1c310000)
  from space 34944K,   0% used [0x1e530000, 0x1e530000, 0x20750000)
  to   space 34944K,   0% used [0x1c310000, 0x1c310000, 0x1e530000)
 tenured generation   total 699072K, used 87332K [0x20750000, 0x4b200000, 0x4b200000)
   the space 699072K,  12% used [0x20750000, 0x25c99398, 0x25c99400, 0x4b200000)
 Metaspace       used 119733K, committed 121216K, reserved 147456K
}
Event: 1524.803 GC heap before
{Heap before GC invocations=18 (full 9):
 def new generation   total 314560K, used 279614K [0x0b200000, 0x20750000, 0x20750000)
  eden space 279616K,  99% used [0x0b200000, 0x1c30fb20, 0x1c310000)
  from space 34944K,   0% used [0x1e530000, 0x1e530000, 0x20750000)
  to   space 34944K,   0% used [0x1c310000, 0x1c310000, 0x1e530000)
 tenured generation   total 699072K, used 87332K [0x20750000, 0x4b200000, 0x4b200000)
   the space 699072K,  12% used [0x20750000, 0x25c99398, 0x25c99400, 0x4b200000)
 Metaspace       used 125747K, committed 126336K, reserved 147456K
}
Event: 1524.810 GC heap after
{Heap after GC invocations=19 (full 9):
 def new generation   total 314560K, used 2207K [0x0b200000, 0x20750000, 0x20750000)
  eden space 279616K,   0% used [0x0b200000, 0x0b200000, 0x1c310000)
  from space 34944K,   6% used [0x1c310000, 0x1c537c10, 0x1e530000)
  to   space 34944K,   0% used [0x1e530000, 0x1e530000, 0x20750000)
 tenured generation   total 699072K, used 87332K [0x20750000, 0x4b200000, 0x4b200000)
   the space 699072K,  12% used [0x20750000, 0x25c99398, 0x25c99400, 0x4b200000)
 Metaspace       used 125747K, committed 126336K, reserved 147456K
}
Event: 2132.084 GC heap before
{Heap before GC invocations=19 (full 9):
 def new generation   total 314560K, used 155790K [0x0b200000, 0x20750000, 0x20750000)
  eden space 279616K,  54% used [0x0b200000, 0x147fbd08, 0x1c310000)
  from space 34944K,   6% used [0x1c310000, 0x1c537c10, 0x1e530000)
  to   space 34944K,   0% used [0x1e530000, 0x1e530000, 0x20750000)
 tenured generation   total 699072K, used 87332K [0x20750000, 0x4b200000, 0x4b200000)
   the space 699072K,  12% used [0x20750000, 0x25c99398, 0x25c99400, 0x4b200000)
 Metaspace       used 140807K, committed 141376K, reserved 147456K
}

